# JRE version: OpenJDK Runtime Environment (11.0.8+10) (build 11.0.8+10-b944.6842174)
# Java VM: OpenJDK 64-Bit Server VM (11.0.8+10-b944.6842174, mixed mode, tiered, compressed oops, g1 gc, windows-amd64)
Heap:
 garbage-first heap   total 378880K, used 174085K [0x0000000080000000, 0x0000000100000000)
  region size 1024K, 57 young (58368K), 12 survivors (12288K)
 Metaspace       used 97320K, capacity 100233K, committed 100352K, reserved 1136640K
  class space    used 12630K, capacity 13738K, committed 13824K, reserved 1048576K
GC Heap History (20 events):
Event: 17.901 GC heap before
{Heap before GC invocations=20 (full 0):
 garbage-first heap   total 315392K, used 231960K [0x0000000080000000, 0x0000000100000000)
  region size 1024K, 116 young (118784K), 7 survivors (7168K)
 Metaspace       used 95456K, capacity 98298K, committed 98432K, reserved 1134592K
  class space    used 12545K, capacity 13618K, committed 13696K, reserved 1048576K
}
Event: 17.911 GC heap after
{Heap after GC invocations=21 (full 0):
 garbage-first heap   total 315392K, used 121856K [0x0000000080000000, 0x0000000100000000)
  region size 1024K, 7 young (7168K), 7 survivors (7168K)
 Metaspace       used 95456K, capacity 98298K, committed 98432K, reserved 1134592K
  class space    used 12545K, capacity 13618K, committed 13696K, reserved 1048576K
}
Event: 18.334 GC heap before
{Heap before GC invocations=21 (full 0):
 garbage-first heap   total 315392K, used 237568K [0x0000000080000000, 0x0000000100000000)
  region size 1024K, 121 young (123904K), 7 survivors (7168K)
 Metaspace       used 95961K, capacity 98844K, committed 98944K, reserved 1134592K
  class space    used 12583K, capacity 13667K, committed 13696K, reserved 1048576K
}
Event: 18.344 GC heap after
{Heap after GC invocations=22 (full 0):
 garbage-first heap   total 315392K, used 121856K [0x0000000080000000, 0x0000000100000000)
  region size 1024K, 7 young (7168K), 7 survivors (7168K)
 Metaspace       used 95961K, capacity 98844K, committed 98944K, reserved 1134592K
  class space    used 12583K, capacity 13667K, committed 13696K, reserved 1048576K
}
Event: 18.852 GC heap before
{Heap before GC invocations=22 (full 0):
 garbage-first heap   total 315392K, used 243712K [0x0000000080000000, 0x0000000100000000)
  region size 1024K, 125 young (128000K), 7 survivors (7168K)
 Metaspace       used 96384K, capacity 99206K, committed 99456K, reserved 1134592K
  class space    used 12588K, capacity 13674K, committed 13696K, reserved 1048576K
}
Event: 18.865 GC heap after
{Heap after GC invocations=23 (full 0):
 garbage-first heap   total 315392K, used 120832K [0x0000000080000000, 0x0000000100000000)
  region size 1024K, 6 young (6144K), 6 survivors (6144K)
 Metaspace       used 96384K, capacity 99206K, committed 99456K, reserved 1134592K
  class space    used 12588K, capacity 13674K, committed 13696K, reserved 1048576K
}
Event: 19.212 GC heap before
{Heap before GC invocations=23 (full 0):
 garbage-first heap   total 315392K, used 245760K [0x0000000080000000, 0x0000000100000000)
  region size 1024K, 128 young (131072K), 6 survivors (6144K)
 Metaspace       used 96600K, capacity 99480K, committed 99712K, reserved 1134592K
  class space    used 12590K, capacity 13674K, committed 13696K, reserved 1048576K
}
Event: 19.225 GC heap after
{Heap after GC invocations=24 (full 0):
 garbage-first heap   total 315392K, used 123327K [0x0000000080000000, 0x0000000100000000)
  region size 1024K, 9 young (9216K), 9 survivors (9216K)
 Metaspace       used 96600K, capacity 99480K, committed 99712K, reserved 1134592K
  class space    used 12590K, capacity 13674K, committed 13696K, reserved 1048576K
}
Event: 19.556 GC heap before
{Heap before GC invocations=24 (full 0):
 garbage-first heap   total 315392K, used 248255K [0x0000000080000000, 0x0000000100000000)
  region size 1024K, 132 young (135168K), 9 survivors (9216K)
 Metaspace       used 96916K, capacity 99830K, committed 100096K, reserved 1136640K
  class space    used 12619K, capacity 13731K, committed 13824K, reserved 1048576K
}
Event: 19.569 GC heap after
{Heap after GC invocations=25 (full 0):
 garbage-first heap   total 315392K, used 125304K [0x0000000080000000, 0x0000000100000000)
  region size 1024K, 11 young (11264K), 11 survivors (11264K)
 Metaspace       used 96916K, capacity 99830K, committed 100096K, reserved 1136640K
  class space    used 12619K, capacity 13731K, committed 13824K, reserved 1048576K
}
Event: 19.927 GC heap before
{Heap before GC invocations=25 (full 0):
 garbage-first heap   total 315392K, used 252280K [0x0000000080000000, 0x0000000100000000)
  region size 1024K, 136 young (139264K), 11 survivors (11264K)
 Metaspace       used 97067K, capacity 99917K, committed 100096K, reserved 1136640K
  class space    used 12626K, capacity 13731K, committed 13824K, reserved 1048576K
}
Event: 19.943 GC heap after
{Heap after GC invocations=26 (full 0):
 garbage-first heap   total 315392K, used 124617K [0x0000000080000000, 0x0000000100000000)
  region size 1024K, 9 young (9216K), 9 survivors (9216K)
 Metaspace       used 97067K, capacity 99917K, committed 100096K, reserved 1136640K
  class space    used 12626K, capacity 13731K, committed 13824K, reserved 1048576K
}
Event: 20.334 GC heap before
{Heap before GC invocations=26 (full 0):
 garbage-first heap   total 315392K, used 255689K [0x0000000080000000, 0x0000000100000000)
  region size 1024K, 137 young (140288K), 9 survivors (9216K)
 Metaspace       used 97145K, capacity 100003K, committed 100096K, reserved 1136640K
  class space    used 12627K, capacity 13733K, committed 13824K, reserved 1048576K
}
Event: 20.350 GC heap after
{Heap after GC invocations=27 (full 0):
 garbage-first heap   total 315392K, used 125608K [0x0000000080000000, 0x0000000100000000)
  region size 1024K, 10 young (10240K), 10 survivors (10240K)
 Metaspace       used 97145K, capacity 100003K, committed 100096K, reserved 1136640K
  class space    used 12627K, capacity 13733K, committed 13824K, reserved 1048576K
}
Event: 20.815 GC heap before
{Heap before GC invocations=27 (full 0):
 garbage-first heap   total 315392K, used 258728K [0x0000000080000000, 0x0000000100000000)
  region size 1024K, 140 young (143360K), 10 survivors (10240K)
 Metaspace       used 97186K, capacity 100079K, committed 100352K, reserved 1136640K
  class space    used 12628K, capacity 13735K, committed 13824K, reserved 1048576K
}
Event: 20.833 GC heap after
{Heap after GC invocations=28 (full 0):
 garbage-first heap   total 315392K, used 126222K [0x0000000080000000, 0x0000000100000000)
  region size 1024K, 11 young (11264K), 11 survivors (11264K)
 Metaspace       used 97186K, capacity 100079K, committed 100352K, reserved 1136640K
  class space    used 12628K, capacity 13735K, committed 13824K, reserved 1048576K
}
Event: 21.129 GC heap before
{Heap before GC invocations=28 (full 0):
 garbage-first heap   total 315392K, used 261390K [0x0000000080000000, 0x0000000100000000)
  region size 1024K, 143 young (146432K), 11 survivors (11264K)
 Metaspace       used 97207K, capacity 100143K, committed 100352K, reserved 1136640K
  class space    used 12628K, capacity 13735K, committed 13824K, reserved 1048576K
}
Event: 21.153 GC heap after
{Heap after GC invocations=29 (full 0):
 garbage-first heap   total 378880K, used 128947K [0x0000000080000000, 0x0000000100000000)
  region size 1024K, 12 young (12288K), 12 survivors (12288K)
 Metaspace       used 97207K, capacity 100143K, committed 100352K, reserved 1136640K
  class space    used 12628K, capacity 13735K, committed 13824K, reserved 1048576K
}
Event: 21.733 GC heap before
{Heap before GC invocations=29 (full 0):
 garbage-first heap   total 378880K, used 302003K [0x0000000080000000, 0x0000000100000000)
  region size 1024K, 180 young (184320K), 12 survivors (12288K)
 Metaspace       used 97315K, capacity 100233K, committed 100352K, reserved 1136640K
  class space    used 12630K, capacity 13738K, committed 13824K, reserved 1048576K
}
Event: 21.749 GC heap after
{Heap after GC invocations=30 (full 0):
 garbage-first heap   total 378880K, used 129029K [0x0000000080000000, 0x0000000100000000)
  region size 1024K, 12 young (12288K), 12 survivors (12288K)
 Metaspace       used 97315K, capacity 100233K, committed 100352K, reserved 1136640K
  class space    used 12630K, capacity 13738K, committed 13824K, reserved 1048576K
}

