# JRE version: OpenJDK Runtime Environment (11.0.8+10) (build 11.0.8+10-b944.6842174)
# Java VM: OpenJDK 64-Bit Server VM (11.0.8+10-b944.6842174, mixed mode, tiered, compressed oops, g1 gc, windows-amd64)
Heap:
 garbage-first heap   total 262144K, used 166877K [0x0000000080000000, 0x0000000100000000)
  region size 1024K, 43 young (44032K), 4 survivors (4096K)
 Metaspace       used 126560K, capacity 129327K, committed 129788K, reserved 1163264K
  class space    used 15175K, capacity 16150K, committed 16256K, reserved 1048576K
GC Heap History (20 events):
Event: 2979.008 GC heap before
{Heap before GC invocations=37 (full 0):
 garbage-first heap   total 262144K, used 139432K [0x0000000080000000, 0x0000000100000000)
  region size 1024K, 13 young (13312K), 12 survivors (12288K)
 Metaspace       used 110072K, capacity 112481K, committed 116220K, reserved 1150976K
  class space    used 13352K, capacity 14225K, committed 14976K, reserved 1048576K
}
Event: 2979.041 GC heap after
{Heap after GC invocations=38 (full 0):
 garbage-first heap   total 262144K, used 120832K [0x0000000080000000, 0x0000000100000000)
  region size 1024K, 2 young (2048K), 2 survivors (2048K)
 Metaspace       used 110072K, capacity 112481K, committed 116220K, reserved 1150976K
  class space    used 13352K, capacity 14225K, committed 14976K, reserved 1048576K
}
Event: 2979.554 GC heap before
{Heap before GC invocations=38 (full 0):
 garbage-first heap   total 262144K, used 130048K [0x0000000080000000, 0x0000000100000000)
  region size 1024K, 12 young (12288K), 2 survivors (2048K)
 Metaspace       used 110084K, capacity 112481K, committed 116220K, reserved 1150976K
  class space    used 13352K, capacity 14225K, committed 14976K, reserved 1048576K
}
Event: 2979.571 GC heap after
{Heap after GC invocations=39 (full 0):
 garbage-first heap   total 262144K, used 115822K [0x0000000080000000, 0x0000000100000000)
  region size 1024K, 1 young (1024K), 1 survivors (1024K)
 Metaspace       used 110084K, capacity 112481K, committed 116220K, reserved 1150976K
  class space    used 13352K, capacity 14225K, committed 14976K, reserved 1048576K
}
Event: 2980.088 GC heap before
{Heap before GC invocations=39 (full 0):
 garbage-first heap   total 262144K, used 136302K [0x0000000080000000, 0x0000000100000000)
  region size 1024K, 22 young (22528K), 1 survivors (1024K)
 Metaspace       used 110314K, capacity 112808K, committed 116220K, reserved 1150976K
  class space    used 13373K, capacity 14248K, committed 14976K, reserved 1048576K
}
Event: 2980.103 GC heap after
{Heap after GC invocations=40 (full 0):
 garbage-first heap   total 262144K, used 117486K [0x0000000080000000, 0x0000000100000000)
  region size 1024K, 2 young (2048K), 2 survivors (2048K)
 Metaspace       used 110314K, capacity 112808K, committed 116220K, reserved 1150976K
  class space    used 13373K, capacity 14248K, committed 14976K, reserved 1048576K
}
Event: 2982.256 GC heap before
{Heap before GC invocations=41 (full 0):
 garbage-first heap   total 262144K, used 223982K [0x0000000080000000, 0x0000000100000000)
  region size 1024K, 85 young (87040K), 2 survivors (2048K)
 Metaspace       used 111156K, capacity 113644K, committed 116220K, reserved 1150976K
  class space    used 13413K, capacity 14314K, committed 14976K, reserved 1048576K
}
Event: 2982.274 GC heap after
{Heap after GC invocations=42 (full 0):
 garbage-first heap   total 262144K, used 124217K [0x0000000080000000, 0x0000000100000000)
  region size 1024K, 9 young (9216K), 9 survivors (9216K)
 Metaspace       used 111156K, capacity 113644K, committed 116220K, reserved 1150976K
  class space    used 13413K, capacity 14314K, committed 14976K, reserved 1048576K
}
Event: 2982.300 GC heap before
{Heap before GC invocations=42 (full 0):
 garbage-first heap   total 262144K, used 127289K [0x0000000080000000, 0x0000000100000000)
  region size 1024K, 12 young (12288K), 9 survivors (9216K)
 Metaspace       used 111160K, capacity 113644K, committed 116220K, reserved 1150976K
  class space    used 13413K, capacity 14314K, committed 14976K, reserved 1048576K
}
Event: 2982.324 GC heap after
{Heap after GC invocations=43 (full 0):
 garbage-first heap   total 262144K, used 114289K [0x0000000080000000, 0x0000000100000000)
  region size 1024K, 2 young (2048K), 2 survivors (2048K)
 Metaspace       used 111160K, capacity 113644K, committed 116220K, reserved 1150976K
  class space    used 13413K, capacity 14314K, committed 14976K, reserved 1048576K
}
Event: 2985.377 GC heap before
{Heap before GC invocations=43 (full 0):
 garbage-first heap   total 262144K, used 201329K [0x0000000080000000, 0x0000000100000000)
  region size 1024K, 88 young (90112K), 2 survivors (2048K)
 Metaspace       used 111577K, capacity 114073K, committed 116220K, reserved 1150976K
  class space    used 13446K, capacity 14327K, committed 14976K, reserved 1048576K
}
Event: 2985.391 GC heap after
{Heap after GC invocations=44 (full 0):
 garbage-first heap   total 262144K, used 116159K [0x0000000080000000, 0x0000000100000000)
  region size 1024K, 4 young (4096K), 4 survivors (4096K)
 Metaspace       used 111577K, capacity 114073K, committed 116220K, reserved 1150976K
  class space    used 13446K, capacity 14327K, committed 14976K, reserved 1048576K
}
Event: 2989.636 GC heap before
{Heap before GC invocations=44 (full 0):
 garbage-first heap   total 262144K, used 206271K [0x0000000080000000, 0x0000000100000000)
  region size 1024K, 92 young (94208K), 4 survivors (4096K)
 Metaspace       used 113381K, capacity 115897K, committed 116988K, reserved 1150976K
  class space    used 13661K, capacity 14559K, committed 14976K, reserved 1048576K
}
Event: 2989.647 GC heap after
{Heap after GC invocations=45 (full 0):
 garbage-first heap   total 262144K, used 120001K [0x0000000080000000, 0x0000000100000000)
  region size 1024K, 7 young (7168K), 7 survivors (7168K)
 Metaspace       used 113381K, capacity 115897K, committed 116988K, reserved 1150976K
  class space    used 13661K, capacity 14559K, committed 14976K, reserved 1048576K
}
Event: 2993.967 GC heap before
{Heap before GC invocations=45 (full 0):
 garbage-first heap   total 262144K, used 209089K [0x0000000080000000, 0x0000000100000000)
  region size 1024K, 95 young (97280K), 7 survivors (7168K)
 Metaspace       used 116897K, capacity 119501K, committed 120700K, reserved 1155072K
  class space    used 14073K, capacity 14995K, committed 15360K, reserved 1048576K
}
Event: 2993.982 GC heap after
{Heap after GC invocations=46 (full 0):
 garbage-first heap   total 262144K, used 125434K [0x0000000080000000, 0x0000000100000000)
  region size 1024K, 10 young (10240K), 10 survivors (10240K)
 Metaspace       used 116897K, capacity 119501K, committed 120700K, reserved 1155072K
  class space    used 14073K, capacity 14995K, committed 15360K, reserved 1048576K
}
Event: 2997.063 GC heap before
{Heap before GC invocations=46 (full 0):
 garbage-first heap   total 262144K, used 213498K [0x0000000080000000, 0x0000000100000000)
  region size 1024K, 95 young (97280K), 10 survivors (10240K)
 Metaspace       used 124239K, capacity 126833K, committed 127612K, reserved 1161216K
  class space    used 14984K, capacity 15926K, committed 16128K, reserved 1048576K
}
Event: 2997.085 GC heap after
{Heap after GC invocations=47 (full 0):
 garbage-first heap   total 262144K, used 135934K [0x0000000080000000, 0x0000000100000000)
  region size 1024K, 12 young (12288K), 12 survivors (12288K)
 Metaspace       used 124239K, capacity 126833K, committed 127612K, reserved 1161216K
  class space    used 14984K, capacity 15926K, committed 16128K, reserved 1048576K
}
Event: 3231.257 GC heap before
{Heap before GC invocations=47 (full 0):
 garbage-first heap   total 262144K, used 212734K [0x0000000080000000, 0x0000000100000000)
  region size 1024K, 88 young (90112K), 12 survivors (12288K)
 Metaspace       used 126380K, capacity 129079K, committed 129532K, reserved 1163264K
  class space    used 15169K, capacity 16141K, committed 16256K, reserved 1048576K
}
Event: 3231.281 GC heap after
{Heap after GC invocations=48 (full 0):
 garbage-first heap   total 262144K, used 135133K [0x0000000080000000, 0x0000000100000000)
  region size 1024K, 4 young (4096K), 4 survivors (4096K)
 Metaspace       used 126380K, capacity 129079K, committed 129532K, reserved 1163264K
  class space    used 15169K, capacity 16141K, committed 16256K, reserved 1048576K
}

