# JRE version: OpenJDK Runtime Environment (11.0.8+10) (build 11.0.8+10-b944.6842174)
# Java VM: OpenJDK 64-Bit Server VM (11.0.8+10-b944.6842174, mixed mode, tiered, compressed oops, g1 gc, windows-amd64)
Heap:
 garbage-first heap   total 378880K, used 151489K [0x0000000080000000, 0x0000000100000000)
  region size 1024K, 7 young (7168K), 7 survivors (7168K)
 Metaspace       used 95786K, capacity 98233K, committed 98816K, reserved 1134592K
  class space    used 12382K, capacity 13311K, committed 13568K, reserved 1048576K
GC Heap History (20 events):
Event: 17.986 GC heap after
{Heap after GC invocations=18 (full 0):
 garbage-first heap   total 262144K, used 126293K [0x0000000080000000, 0x0000000100000000)
  region size 1024K, 12 young (12288K), 12 survivors (12288K)
 Metaspace       used 91696K, capacity 94262K, committed 94464K, reserved 1130496K
  class space    used 12078K, capacity 13029K, committed 13056K, reserved 1048576K
}
Event: 18.501 GC heap before
{Heap before GC invocations=18 (full 0):
 garbage-first heap   total 262144K, used 200021K [0x0000000080000000, 0x0000000100000000)
  region size 1024K, 84 young (86016K), 12 survivors (12288K)
 Metaspace       used 92952K, capacity 95570K, committed 95744K, reserved 1132544K
  class space    used 12240K, capacity 13223K, committed 13312K, reserved 1048576K
}
Event: 18.528 GC heap after
{Heap after GC invocations=19 (full 0):
 garbage-first heap   total 262144K, used 133749K [0x0000000080000000, 0x0000000100000000)
  region size 1024K, 7 young (7168K), 7 survivors (7168K)
 Metaspace       used 92952K, capacity 95570K, committed 95744K, reserved 1132544K
  class space    used 12240K, capacity 13223K, committed 13312K, reserved 1048576K
}
Event: 18.976 GC heap before
{Heap before GC invocations=19 (full 0):
 garbage-first heap   total 262144K, used 204405K [0x0000000080000000, 0x0000000100000000)
  region size 1024K, 77 young (78848K), 7 survivors (7168K)
 Metaspace       used 94021K, capacity 96710K, committed 96896K, reserved 1132544K
  class space    used 12365K, capacity 13369K, committed 13440K, reserved 1048576K
}
Event: 18.994 GC heap after
{Heap after GC invocations=20 (full 0):
 garbage-first heap   total 315392K, used 137908K [0x0000000080000000, 0x0000000100000000)
  region size 1024K, 4 young (4096K), 4 survivors (4096K)
 Metaspace       used 94021K, capacity 96710K, committed 96896K, reserved 1132544K
  class space    used 12365K, capacity 13369K, committed 13440K, reserved 1048576K
}
Event: 19.585 GC heap before
{Heap before GC invocations=21 (full 0):
 garbage-first heap   total 315392K, used 231092K [0x0000000080000000, 0x0000000100000000)
  region size 1024K, 96 young (98304K), 4 survivors (4096K)
 Metaspace       used 94027K, capacity 96521K, committed 97536K, reserved 1132544K
  class space    used 12274K, capacity 13206K, committed 13568K, reserved 1048576K
}
Event: 19.596 GC heap after
{Heap after GC invocations=22 (full 0):
 garbage-first heap   total 315392K, used 139029K [0x0000000080000000, 0x0000000100000000)
  region size 1024K, 5 young (5120K), 5 survivors (5120K)
 Metaspace       used 94027K, capacity 96521K, committed 97536K, reserved 1132544K
  class space    used 12274K, capacity 13206K, committed 13568K, reserved 1048576K
}
Event: 20.085 GC heap before
{Heap before GC invocations=22 (full 0):
 garbage-first heap   total 315392K, used 237333K [0x0000000080000000, 0x0000000100000000)
  region size 1024K, 102 young (104448K), 5 survivors (5120K)
 Metaspace       used 94520K, capacity 96986K, committed 97792K, reserved 1134592K
  class space    used 12274K, capacity 13206K, committed 13568K, reserved 1048576K
}
Event: 20.098 GC heap after
{Heap after GC invocations=23 (full 0):
 garbage-first heap   total 315392K, used 143404K [0x0000000080000000, 0x0000000100000000)
  region size 1024K, 10 young (10240K), 10 survivors (10240K)
 Metaspace       used 94520K, capacity 96986K, committed 97792K, reserved 1134592K
  class space    used 12274K, capacity 13206K, committed 13568K, reserved 1048576K
}
Event: 20.458 GC heap before
{Heap before GC invocations=23 (full 0):
 garbage-first heap   total 315392K, used 241708K [0x0000000080000000, 0x0000000100000000)
  region size 1024K, 107 young (109568K), 10 survivors (10240K)
 Metaspace       used 94551K, capacity 97016K, committed 97792K, reserved 1134592K
  class space    used 12281K, capacity 13215K, committed 13568K, reserved 1048576K
}
Event: 20.475 GC heap after
{Heap after GC invocations=24 (full 0):
 garbage-first heap   total 315392K, used 147447K [0x0000000080000000, 0x0000000100000000)
  region size 1024K, 12 young (12288K), 12 survivors (12288K)
 Metaspace       used 94551K, capacity 97016K, committed 97792K, reserved 1134592K
  class space    used 12281K, capacity 13215K, committed 13568K, reserved 1048576K
}
Event: 20.958 GC heap before
{Heap before GC invocations=24 (full 0):
 garbage-first heap   total 315392K, used 247799K [0x0000000080000000, 0x0000000100000000)
  region size 1024K, 110 young (112640K), 12 survivors (12288K)
 Metaspace       used 95015K, capacity 97500K, committed 98304K, reserved 1134592K
  class space    used 12343K, capacity 13267K, committed 13568K, reserved 1048576K
}
Event: 20.977 GC heap after
{Heap after GC invocations=25 (full 0):
 garbage-first heap   total 315392K, used 148597K [0x0000000080000000, 0x0000000100000000)
  region size 1024K, 9 young (9216K), 9 survivors (9216K)
 Metaspace       used 95015K, capacity 97500K, committed 98304K, reserved 1134592K
  class space    used 12343K, capacity 13267K, committed 13568K, reserved 1048576K
}
Event: 21.264 GC heap before
{Heap before GC invocations=25 (full 0):
 garbage-first heap   total 315392K, used 252021K [0x0000000080000000, 0x0000000100000000)
  region size 1024K, 110 young (112640K), 9 survivors (9216K)
 Metaspace       used 95158K, capacity 97590K, committed 98304K, reserved 1134592K
  class space    used 12352K, capacity 13274K, committed 13568K, reserved 1048576K
}
Event: 21.276 GC heap after
{Heap after GC invocations=26 (full 0):
 garbage-first heap   total 315392K, used 149923K [0x0000000080000000, 0x0000000100000000)
  region size 1024K, 5 young (5120K), 5 survivors (5120K)
 Metaspace       used 95158K, capacity 97590K, committed 98304K, reserved 1134592K
  class space    used 12352K, capacity 13274K, committed 13568K, reserved 1048576K
}
Event: 21.521 GC heap before
{Heap before GC invocations=26 (full 0):
 garbage-first heap   total 315392K, used 256419K [0x0000000080000000, 0x0000000100000000)
  region size 1024K, 109 young (111616K), 5 survivors (5120K)
 Metaspace       used 95384K, capacity 97790K, committed 98560K, reserved 1134592K
  class space    used 12354K, capacity 13274K, committed 13568K, reserved 1048576K
}
Event: 21.532 GC heap after
{Heap after GC invocations=27 (full 0):
 garbage-first heap   total 315392K, used 151248K [0x0000000080000000, 0x0000000100000000)
  region size 1024K, 6 young (6144K), 6 survivors (6144K)
 Metaspace       used 95384K, capacity 97790K, committed 98560K, reserved 1134592K
  class space    used 12354K, capacity 13274K, committed 13568K, reserved 1048576K
}
Event: 21.980 GC heap before
{Heap before GC invocations=27 (full 0):
 garbage-first heap   total 315392K, used 259792K [0x0000000080000000, 0x0000000100000000)
  region size 1024K, 112 young (114688K), 6 survivors (6144K)
 Metaspace       used 95533K, capacity 97984K, committed 98816K, reserved 1134592K
  class space    used 12353K, capacity 13272K, committed 13568K, reserved 1048576K
}
Event: 21.991 GC heap after
{Heap after GC invocations=28 (full 0):
 garbage-first heap   total 315392K, used 150245K [0x0000000080000000, 0x0000000100000000)
  region size 1024K, 5 young (5120K), 5 survivors (5120K)
 Metaspace       used 95533K, capacity 97984K, committed 98816K, reserved 1134592K
  class space    used 12353K, capacity 13272K, committed 13568K, reserved 1048576K
}
Event: 22.292 GC heap before
{Heap before GC invocations=29 (full 0):
 garbage-first heap   total 315392K, used 260837K [0x0000000080000000, 0x0000000100000000)
  region size 1024K, 114 young (116736K), 5 survivors (5120K)
 Metaspace       used 95786K, capacity 98233K, committed 98816K, reserved 1134592K
  class space    used 12382K, capacity 13311K, committed 13568K, reserved 1048576K
}

